# hmmsearch :: search profile(s) against a sequence database
# HMMER 3.2.1 (June 2018); http://hmmer.org/
# Copyright (C) 2018 Howard Hughes Medical Institute.
# Freely distributed under the BSD open source license.
# - - - - - - - - - - - - - - - - - - - - - - - - - - - - - - - - - - - -
# query HMM file:                  mcrabuilt.hmm
# target sequence database:        proteomes/proteome_46.fasta
# - - - - - - - - - - - - - - - - - - - - - - - - - - - - - - - - - - - -

Query:       alignmcrA  [M=568]
Scores for complete sequences (score includes all domains):
   --- full sequence ---   --- best 1 domain ---    -#dom-
    E-value  score  bias    E-value  score  bias    exp  N  Sequence Description
    ------- ------ -----    ------- ------ -----   ---- --  -------- -----------

   [No hits detected that satisfy reporting thresholds]


Domain annotation for each sequence (and alignments):

   [No targets detected that satisfy reporting thresholds]


Internal pipeline statistics summary:
-------------------------------------
Query model(s):                            1  (568 nodes)
Target sequences:                       1862  (541041 residues searched)
Passed MSV filter:                        39  (0.0209452); expected 37.2 (0.02)
Passed bias filter:                       38  (0.0204082); expected 37.2 (0.02)
Passed Vit filter:                         3  (0.00161117); expected 1.9 (0.001)
Passed Fwd filter:                         0  (0); expected 0.0 (1e-05)
Initial search space (Z):               1862  [actual number of targets]
Domain search space  (domZ):               0  [number of targets reported over threshold]
# CPU time: 0.03u 0.00s 00:00:00.03 Elapsed: 00:00:00.01
# Mc/sec: 21899.93
//
[ok]
