# hmmsearch :: search profile(s) against a sequence database
# HMMER 3.2.1 (June 2018); http://hmmer.org/
# Copyright (C) 2018 Howard Hughes Medical Institute.
# Freely distributed under the BSD open source license.
# - - - - - - - - - - - - - - - - - - - - - - - - - - - - - - - - - - - -
# query HMM file:                  mcrabuilt.hmm
# target sequence database:        proteomes/proteome_27.fasta
# - - - - - - - - - - - - - - - - - - - - - - - - - - - - - - - - - - - -

Query:       alignmcrA  [M=568]
Scores for complete sequences (score includes all domains):
   --- full sequence ---   --- best 1 domain ---    -#dom-
    E-value  score  bias    E-value  score  bias    exp  N  Sequence Description
    ------- ------ -----    ------- ------ -----   ---- --  -------- -----------

   [No hits detected that satisfy reporting thresholds]


Domain annotation for each sequence (and alignments):

   [No targets detected that satisfy reporting thresholds]


Internal pipeline statistics summary:
-------------------------------------
Query model(s):                            1  (568 nodes)
Target sequences:                       4075  (1216139 residues searched)
Passed MSV filter:                       118  (0.0289571); expected 81.5 (0.02)
Passed bias filter:                       95  (0.0233129); expected 81.5 (0.02)
Passed Vit filter:                         9  (0.00220859); expected 4.1 (0.001)
Passed Fwd filter:                         0  (0); expected 0.0 (1e-05)
Initial search space (Z):               4075  [actual number of targets]
Domain search space  (domZ):               0  [number of targets reported over threshold]
# CPU time: 0.05u 0.00s 00:00:00.05 Elapsed: 00:00:00.02
# Mc/sec: 26626.44
//
[ok]
